[Error]	2021-02-09 17:14:24.017800 +0800 [go-snake/common.SafeExit:59] 
unknow exception, exit: 
===========================,
	 stack: 1 true [file: I:/go-snake/src/common/tool.go] [func: go-snake/common.ExceptionStack] [line: 49]
	 stack: 2 true [file: I:/Go/src/runtime/panic.go] [func: runtime.gopanic] [line: 679]
	 stack: 3 true [file: I:/go-snake/src/common/config/server.go] [func: go-snake/common/config.LoadServerConfig] [line: 65]
	 stack: 4 true [file: I:/go-snake/src/app/in/input.go] [func: go-snake/app/in.ParseInput] [line: 71]
	 stack: 5 true [file: I:/go-snake/src/app/main.go] [func: main.main.func1] [line: 22]
	 stack: 6 true [file: I:/go-snake/src/common/tool.go] [func: go-snake/common.Dosafe] [line: 19]
	 stack: 7 true [file: I:/go-snake/src/app/main.go] [func: main.main] [line: 21]
	 stack: 8 true [file: I:/Go/src/runtime/proc.go] [func: runtime.main] [line: 203]
	 stack: 9 true [file: I:/Go/src/runtime/asm_amd64.s] [func: runtime.goexit] [line: 1357]

,goroutine 1 [running]:
runtime/debug.Stack(0xc00040c380, 0x359, 0xc0003f2000)
	I:/Go/src/runtime/debug/stack.go:24 +0xa4
go-snake/common.SafeExit()
	I:/go-snake/src/common/tool.go:59 +0x53
go-snake/common.ExceptionStack(0xf545a8)
	I:/go-snake/src/common/tool.go:49 +0x276
panic(0xda9dc0, 0xc0003e2070)
	I:/Go/src/runtime/panic.go:679 +0x1c0
go-snake/common/config.LoadServerConfig(0xc0003e4020, 0x6, 0xc00009de50)
	I:/go-snake/src/common/config/server.go:65 +0x71f
go-snake/app/in.ParseInput(0x8)
	I:/go-snake/src/app/in/input.go:71 +0x30c
main.main.func1()
	I:/go-snake/src/app/main.go:22 +0x2d
go-snake/common.Dosafe(0xf55e10, 0xf545a8)
	I:/go-snake/src/common/tool.go:19 +0x5e
main.main()
	I:/go-snake/src/app/main.go:21 +0x40
,===========================

